[27-03-2024 08:40:25] INFO (716774): Обновил список серверов
[27-03-2024 08:42:10] INFO (716774): письмо отправилось: <2bfb5dab-edb1-f5f1-5414-3b347921266e@gmail.com>
[27-03-2024 08:42:12] ERROR (716774): Неверная подпись
[27-03-2024 08:46:29] INFO (716774): Обновил список серверов
[27-03-2024 09:17:33] INFO (716897): Обновил список серверов
[27-03-2024 09:28:08] INFO (718515): письмо отправилось: <f5b89e1d-33a6-797c-0c2e-00ab29228bec@gmail.com>
[27-03-2024 09:28:11] ERROR (718515): Неверная подпись
[27-03-2024 09:31:47] INFO (718515): письмо отправилось: <01a0bafa-dcfe-a0b6-236b-867434ce610a@gmail.com>
[27-03-2024 09:31:49] ERROR (718515): Неверная подпись
[27-03-2024 09:33:08] ERROR (718515): Неверная подпись
[27-03-2024 09:33:47] INFO (718515): письмо отправилось: <2da68470-e7ee-ee64-1181-71ae8658555e@gmail.com>
[27-03-2024 09:33:49] ERROR (718515): Неверная подпись
[27-03-2024 09:34:24] ERROR (718515): Неверная подпись
[27-03-2024 09:34:28] INFO (718515): Обновил список серверов
[27-03-2024 09:35:03] ERROR (718515): Неверная подпись
[27-03-2024 09:36:32] INFO (718515): письмо отправилось: <98ee6a01-4ec3-da9a-0d9e-0d684c2d5bff@gmail.com>
[27-03-2024 09:36:34] ERROR (718515): Неверная подпись
[27-03-2024 09:39:12] INFO (718515): письмо отправилось: <7635a789-c6ed-e855-c3dc-4d6ba937894a@gmail.com>
[27-03-2024 09:39:14] ERROR (718515): Неверная подпись
[27-03-2024 09:39:15] INFO (718515): Обновил список серверов
[27-03-2024 09:41:52] INFO (718515): письмо отправилось: <8ea2d046-e5a2-aa0c-42ef-35bf3255c133@gmail.com>
[27-03-2024 09:41:54] ERROR (718515): Неверная подпись
[27-03-2024 09:41:56] INFO (718515): Обновил список серверов
[27-03-2024 09:44:32] INFO (718515): письмо отправилось: <6278ff0a-00d4-810e-9544-b05ca8de3500@gmail.com>
[27-03-2024 09:44:36] ERROR (718515): Неверная подпись
[27-03-2024 09:44:41] INFO (718515): Обновил список серверов
[27-03-2024 10:37:03] INFO (718515): Обновил список серверов
[27-03-2024 10:44:22] INFO (718515): письмо отправилось: <4552af1e-18d9-3815-c930-bb3dd3c59274@gmail.com>
[27-03-2024 10:44:24] ERROR (718515): Неверная подпись
[27-03-2024 10:45:13] ERROR (718515): Неверная подпись
[27-03-2024 10:45:43] ERROR (718515): Неверная подпись
[27-03-2024 10:46:00] ERROR (718515): Неверная подпись
[27-03-2024 10:46:39] ERROR (718515): Неверная подпись
[27-03-2024 10:46:50] ERROR (718515): Неверная подпись
[27-03-2024 10:47:19] ERROR (718515): Неверная подпись
[27-03-2024 10:47:23] INFO (718515): Обновил список серверов
[27-03-2024 10:56:33] INFO (718515): Обновил список серверов
[27-03-2024 10:57:10] INFO (718515): письмо отправилось: <4d1edc91-8cc3-4a4e-3db4-d3ece572532b@gmail.com>
[27-03-2024 10:57:13] ERROR (718515): Неверная подпись
[27-03-2024 10:58:20] ERROR (718515): Неверная подпись
[27-03-2024 10:58:28] INFO (718515): Обновил список серверов
[27-03-2024 10:59:29] INFO (718515): письмо отправилось: <3c02705e-f9c4-5b68-3d80-77ca71978225@gmail.com>
[27-03-2024 10:59:31] ERROR (718515): Неверная подпись
[27-03-2024 10:59:40] INFO (718515): Обновил список серверов
[27-03-2024 11:03:31] INFO (718515): Обновил список серверов
[27-03-2024 11:04:21] INFO (718515): Обновил список серверов
[27-03-2024 11:04:31] INFO (718515): Обновил список серверов
[27-03-2024 11:05:49] INFO (718515): Обновил список серверов
[27-03-2024 11:06:08] INFO (718515): Обновил список серверов
[27-03-2024 11:06:24] INFO (718515): Обновил список серверов
[27-03-2024 11:06:36] INFO (718515): Обновил список серверов
[27-03-2024 11:07:11] INFO (718515): Обновил список серверов
[27-03-2024 11:07:29] INFO (718515): Обновил список серверов
[27-03-2024 11:10:56] INFO (718515): Обновил список серверов
[27-03-2024 11:11:30] INFO (718515): Обновил список серверов
[27-03-2024 11:11:45] INFO (718515): Обновил список серверов
[27-03-2024 11:12:23] INFO (718515): Обновил список серверов
[27-03-2024 11:13:38] INFO (718515): Обновил список серверов
[27-03-2024 11:17:26] INFO (718515): Обновил список серверов
[27-03-2024 11:18:06] INFO (718515): Обновил список серверов
[27-03-2024 11:20:34] INFO (718515): Обновил список серверов
[27-03-2024 11:20:44] INFO (718515): Обновил список серверов
[27-03-2024 11:20:49] INFO (718515): Обновил список серверов
[27-03-2024 11:21:06] INFO (718515): Обновил список серверов
[27-03-2024 11:25:32] INFO (718515): Обновил список серверов
[27-03-2024 11:25:43] INFO (718515): Обновил список серверов
[27-03-2024 11:26:31] INFO (718515): Обновил список серверов
[27-03-2024 11:26:47] INFO (718515): Обновил список серверов
[27-03-2024 11:28:20] INFO (718515): Обновил список серверов
[27-03-2024 11:28:39] INFO (718515): Обновил список серверов
[27-03-2024 11:29:18] INFO (718515): письмо отправилось: <eec2f571-aaae-cf1c-7f41-16876ad2be8b@gmail.com>
[27-03-2024 11:29:21] ERROR (718515): Неверная подпись
[27-03-2024 11:29:24] INFO (718515): Обновил список серверов
[27-03-2024 11:30:02] INFO (718515): Обновил список серверов
[27-03-2024 11:30:47] INFO (718515): Обновил список серверов
[27-03-2024 11:31:19] INFO (718515): письмо отправилось: <a9d46d7d-7061-bd92-6a3c-e230a0671db9@gmail.com>
[27-03-2024 11:31:21] ERROR (718515): Неверная подпись
[27-03-2024 11:31:24] INFO (718515): Обновил список серверов
[27-03-2024 11:34:19] INFO (718515): Обновил список серверов
[27-03-2024 11:35:17] INFO (718515): Обновил список серверов
[27-03-2024 11:35:24] INFO (718515): Обновил список серверов
[27-03-2024 11:36:27] INFO (718515): Обновил список серверов
[27-03-2024 11:40:34] INFO (718515): Обновил список серверов
[27-03-2024 11:41:17] INFO (718515): Обновил список серверов
[27-03-2024 11:41:57] INFO (718515): Обновил список серверов
[27-03-2024 12:05:59] INFO (718515): Обновил список серверов
[27-03-2024 12:06:54] INFO (718515): Обновил список серверов
[27-03-2024 12:28:12] INFO (718515): Обновил список серверов
[27-03-2024 15:04:26] INFO (718515): Обновил список серверов
[27-03-2024 15:53:27] INFO (718515): Обновил список серверов
[27-03-2024 15:53:36] INFO (718515): Обновил список серверов
[28-03-2024 05:33:55] INFO (718515): Обновил список серверов
[28-03-2024 05:34:06] INFO (718515): Обновил список серверов
[28-03-2024 05:58:27] ERROR (718515): Неверная подпись
[28-03-2024 05:59:32] INFO (718515): Обновил список серверов
[28-03-2024 06:00:23] INFO (718515): Обновил список серверов
[28-03-2024 06:00:28] INFO (718515): Обновил список серверов
[28-03-2024 06:00:49] INFO (718515): Обновил список серверов
[28-03-2024 06:22:04] INFO (718515): Обновил список серверов
[28-03-2024 06:37:40] INFO (718515): Обновил список серверов
[28-03-2024 06:53:03] INFO (718515): Обновил список серверов
[28-03-2024 07:26:50] INFO (718515): Обновил список серверов
[28-03-2024 07:28:32] INFO (718515): письмо отправилось: <18a5d2a8-5e1d-bc46-c27a-e31faa9a4c71@gmail.com>
[28-03-2024 07:28:34] ERROR (718515): Неверная подпись
[28-03-2024 07:28:38] INFO (718515): Обновил список серверов
[28-03-2024 07:29:56] INFO (718515): Обновил список серверов
[28-03-2024 07:31:02] INFO (718515): письмо отправилось: <be1296b7-7d9f-2b4b-6830-e76a713fab53@gmail.com>
[28-03-2024 07:31:07] ERROR (718515): Неверная подпись
[28-03-2024 07:31:10] INFO (718515): Обновил список серверов
[28-03-2024 07:50:12] INFO (718515): Обновил список серверов
[28-03-2024 07:51:48] INFO (718515): Обновил список серверов
[28-03-2024 07:52:20] INFO (718515): Обновил список серверов
[28-03-2024 08:27:25] INFO (718515): Обновил список серверов
[28-03-2024 11:07:20] INFO (718515): Обновил список серверов
[28-03-2024 12:51:15] INFO (718515): Обновил список серверов
[28-03-2024 13:06:27] INFO (718515): Обновил список серверов
[28-03-2024 15:21:17] INFO (718515): Обновил список серверов
[28-03-2024 15:23:27] INFO (718515): Обновил список серверов
[28-03-2024 15:23:37] INFO (718515): Обновил список серверов
[28-03-2024 15:35:04] INFO (718515): Обновил список серверов
[28-03-2024 15:45:11] INFO (718515): Обновил список серверов
[28-03-2024 16:00:31] INFO (718515): Обновил список серверов
[28-03-2024 16:02:11] INFO (718515): Обновил список серверов
[28-03-2024 16:02:26] INFO (718515): Обновил список серверов
[28-03-2024 16:03:03] INFO (718515): Обновил список серверов
[28-03-2024 16:35:21] INFO (718515): Обновил список серверов
[28-03-2024 16:56:36] INFO (718515): Обновил список серверов
[28-03-2024 17:08:16] INFO (718515): Обновил список серверов
[29-03-2024 05:10:17] INFO (718515): Обновил список серверов
[29-03-2024 05:14:39] INFO (718515): Обновил список серверов
[29-03-2024 08:40:53] INFO (718515): Обновил список серверов
[29-03-2024 08:56:53] INFO (718515): Обновил список серверов
[29-03-2024 09:00:49] INFO (718515): Обновил список серверов
[29-03-2024 09:02:07] INFO (718515): Обновил список серверов
[29-03-2024 09:04:00] INFO (718515): Обновил список серверов
